build/outputs/logs/manifest-merger-debug-report.txt
-- Merging decision tree log ---
manifest
ADDED from src/main/AndroidManifest.xml:2:1-21:12
	package
		ADDED from src/main/AndroidManifest.xml:3:3-36
		INJECTED from src/main/AndroidManifest.xml
		INJECTED from src/main/AndroidManifest.xml
	android:versionName
		INJECTED from src/main/AndroidManifest.xml
		INJECTED from src/main/AndroidManifest.xml
	xmlns:android
		ADDED from src/main/AndroidManifest.xml:2:11-69
	android:versionCode
		INJECTED from src/main/AndroidManifest.xml
		INJECTED from src/main/AndroidManifest.xml
uses-permission#android.permission.INTERNET
ADDED from src/main/AndroidManifest.xml:6:3-65
	android:name
		ADDED from src/main/AndroidManifest.xml:6:20-62
application
ADDED from src/main/AndroidManifest.xml:8:3-19:17
MERGED from [com.android.support:design:25.1.0] AndroidManifest.xml:25:5-20
MERGED from [com.android.support:appcompat-v7:25.1.0] AndroidManifest.xml:25:5-20
MERGED from [com.android.support:animated-vector-drawable:25.1.0] AndroidManifest.xml:22:5-20
MERGED from [com.android.support:support-vector-drawable:25.1.0] AndroidManifest.xml:23:5-20
MERGED from [com.android.support:transition:25.1.0] AndroidManifest.xml:22:5-20
MERGED from [com.android.support:support-v4:25.1.0] AndroidManifest.xml:25:5-20
MERGED from [com.android.support:support-fragment:25.1.0] AndroidManifest.xml:25:5-20
MERGED from [com.android.support:support-media-compat:25.1.0] AndroidManifest.xml:25:5-20
MERGED from [com.android.support:support-core-ui:25.1.0] AndroidManifest.xml:25:5-20
MERGED from [com.android.support:support-core-utils:25.1.0] AndroidManifest.xml:25:5-20
MERGED from [com.android.support:support-compat:25.1.0] AndroidManifest.xml:25:5-20
MERGED from [deviceinsight-ref-impl-android-fraud:di-collector-android-fraud:unspecified] AndroidManifest.xml:12:5-13:19
	android:label
		ADDED from src/main/AndroidManifest.xml:11:7-39
	android:allowBackup
		ADDED from src/main/AndroidManifest.xml:12:7-34
	android:icon
		ADDED from src/main/AndroidManifest.xml:10:7-36
	android:theme
		ADDED from src/main/AndroidManifest.xml:9:7-51
activity#com.deviceinsight.fraud.ExampleActivity
ADDED from src/main/AndroidManifest.xml:13:5-18:16
	android:name
		ADDED from src/main/AndroidManifest.xml:13:15-46
intent-filter#android.intent.action.MAIN+android.intent.category.LAUNCHER
ADDED from src/main/AndroidManifest.xml:14:7-17:23
action#android.intent.action.MAIN
ADDED from src/main/AndroidManifest.xml:15:9-61
	android:name
		ADDED from src/main/AndroidManifest.xml:15:17-58
category#android.intent.category.LAUNCHER
ADDED from src/main/AndroidManifest.xml:16:9-69
	android:name
		ADDED from src/main/AndroidManifest.xml:16:19-66
uses-sdk
INJECTED from src/main/AndroidManifest.xml reason: use-sdk injection requested
MERGED from [com.android.support:design:25.1.0] AndroidManifest.xml:21:5-23:62
MERGED from [com.android.support:appcompat-v7:25.1.0] AndroidManifest.xml:21:5-23:78
MERGED from [com.android.support:animated-vector-drawable:25.1.0] AndroidManifest.xml:20:5-44
MERGED from [com.android.support:support-vector-drawable:25.1.0] AndroidManifest.xml:21:5-43
MERGED from [com.android.support:recyclerview-v7:25.1.0] AndroidManifest.xml:20:5-43
MERGED from [com.android.support:transition:25.1.0] AndroidManifest.xml:20:5-44
MERGED from [com.android.support:support-v4:25.1.0] AndroidManifest.xml:21:5-23:54
MERGED from [com.android.support:support-fragment:25.1.0] AndroidManifest.xml:21:5-23:60
MERGED from [com.android.support:support-media-compat:25.1.0] AndroidManifest.xml:21:5-23:63
MERGED from [com.android.support:support-core-ui:25.1.0] AndroidManifest.xml:21:5-23:58
MERGED from [com.android.support:support-core-utils:25.1.0] AndroidManifest.xml:21:5-23:61
MERGED from [com.android.support:support-compat:25.1.0] AndroidManifest.xml:21:5-23:58
MERGED from [deviceinsight-ref-impl-android-fraud:di-collector-android-fraud:unspecified] AndroidManifest.xml:5:5-7:41
	tools:overrideLibrary
		ADDED from [com.android.support:design:25.1.0] AndroidManifest.xml:23:9-59
	android:targetSdkVersion
		INJECTED from src/main/AndroidManifest.xml
		INJECTED from src/main/AndroidManifest.xml
	android:minSdkVersion
		INJECTED from src/main/AndroidManifest.xml
		INJECTED from src/main/AndroidManifest.xml
uses-permission#android.permission.READ_PHONE_STATE
ADDED from [deviceinsight-ref-impl-android-fraud:di-collector-android-fraud:unspecified] AndroidManifest.xml:9:5-75
	android:name
		ADDED from [deviceinsight-ref-impl-android-fraud:di-collector-android-fraud:unspecified] AndroidManifest.xml:9:22-72
uses-permission#android.permission.ACCESS_WIFI_STATE
ADDED from [deviceinsight-ref-impl-android-fraud:di-collector-android-fraud:unspecified] AndroidManifest.xml:10:5-76
	android:name
		ADDED from [deviceinsight-ref-impl-android-fraud:di-collector-android-fraud:unspecified] AndroidManifest.xml:10:22-73